This file contains any messages produced by compilers while
running configure, to aid debugging if configure makes a mistake.

It was created by zbar configure 0.10, which was
generated by GNU Autoconf 2.69.  Invocation command line was

  $ ./configure --prefix=/home/falcon/桌面/Github/zbar_forked/mips/ --without-imagemagick --without-qt --without-gtk --without-python --enable-video=no --without-x --without-jpeg --enable-pthread=no --host=mips --target=mips-linux

## --------- ##
## Platform. ##
## --------- ##

hostname = falconPro
uname -m = x86_64
uname -r = 4.10.0-38-generic
uname -s = Linux
uname -v = #42~16.04.1-Ubuntu SMP Tue Oct 10 16:32:20 UTC 2017

/usr/bin/uname -p = unknown
/bin/uname -X     = unknown

/bin/arch              = unknown
/usr/bin/arch -k       = unknown
/usr/convex/getsysinfo = unknown
/usr/bin/hostinfo      = unknown
/bin/machine           = unknown
/usr/bin/oslevel       = unknown
/bin/universe          = unknown

PATH: /media/falcon/Mint2/X1000/prebuilts/toolchains/mips-gcc472-glibc216/bin
PATH: /home/falcon/bin
PATH: /home/falcon/.local/bin
PATH: /usr/local/sbin
PATH: /usr/local/bin
PATH: /usr/sbin
PATH: /usr/bin
PATH: /sbin
PATH: /bin
PATH: /usr/games
PATH: /usr/local/games


## ----------- ##
## Core tests. ##
## ----------- ##

configure:2888: checking for a BSD-compatible install
configure:2956: result: /usr/bin/install -c
configure:2967: checking whether build environment is sane
configure:3004: result: yes
configure:3029: checking for a thread-safe mkdir -p
configure:3068: result: /bin/mkdir -p
configure:3081: checking for gawk
configure:3097: found /usr/bin/gawk
configure:3108: result: gawk
configure:3119: checking whether make sets $(MAKE)
configure:3141: result: yes
configure:3219: checking for mips-strip
configure:3249: result: no
configure:3259: checking for strip
configure:3275: found /usr/bin/strip
configure:3286: result: strip
configure:3356: checking build system type
configure:3370: result: x86_64-unknown-linux-gnu
configure:3390: checking host system type
configure:3403: result: mips-unknown-elf
configure:3435: checking for style of include used by make
configure:3463: result: GNU
configure:3493: checking for mips-gcc
configure:3520: result: mips-linux-gnu-gcc
configure:3789: checking for C compiler version
configure:3798: mips-linux-gnu-gcc --version >&5
mips-linux-gnu-gcc (Ingenic 2016.11) 4.7.2
Copyright (C) 2012 Free Software Foundation, Inc.
This is free software; see the source for copying conditions.  There is NO
warranty; not even for MERCHANTABILITY or FITNESS FOR A PARTICULAR PURPOSE.

configure:3809: $? = 0
configure:3798: mips-linux-gnu-gcc -v >&5
Using built-in specs.
COLLECT_GCC=mips-linux-gnu-gcc
COLLECT_LTO_WRAPPER=/media/falcon/Mint2/X1000/prebuilts/toolchains/mips-gcc472-glibc216/bin/../libexec/gcc/mips-linux-gnu/4.7.2/lto-wrapper
Target: mips-linux-gnu
Configured with: /home/toolchains/r2.3.x/src/gcc-4.7-2012.09/configure --build=i686-pc-linux-gnu --host=i686-pc-linux-gnu --target=mips-linux-gnu --enable-threads --disable-libmudflap --disable-libssp --disable-libstdcxx-pch --with-arch-32=mips32r2 --with-float=hard --with-mips-plt --enable-extra-sgxxlite-multilibs --with-gnu-as --with-gnu-ld --with-specs='%{save-temps: -fverbose-asm} -D__CS_SOURCERYGXX_MAJ__=2012 -D__CS_SOURCERYGXX_MIN__=9 -D__CS_SOURCERYGXX_REV__=99' --enable-languages=c,c++,fortran --enable-shared --enable-lto --enable-symvers=gnu --enable-__cxa_atexit --with-pkgversion='Ingenic 2016.11' --disable-nls --prefix=/home/toolchains/r2.3.x/install --with-sysroot=/home/toolchains/r2.3.x/install/mips-linux-gnu/libc --with-build-sysroot=/home/toolchains/r2.3.x/install/mips-linux-gnu/libc --with-gmp=/home/toolchains/r2.3.x/obj/pkg-2012.09-99-mips-linux-gnu/mips-2012.09-99-mips-linux-gnu.extras/host-libs-i686-pc-linux-gnu/usr --with-mpfr=/home/toolchains/r2.3.x/obj/pkg-2012.09-99-mips-linux-gnu/mips-2012.09-99-mips-linux-gnu.extras/host-libs-i686-pc-linux-gnu/usr --with-mpc=/home/toolchains/r2.3.x/obj/pkg-2012.09-99-mips-linux-gnu/mips-2012.09-99-mips-linux-gnu.extras/host-libs-i686-pc-linux-gnu/usr --with-ppl=/home/toolchains/r2.3.x/obj/pkg-2012.09-99-mips-linux-gnu/mips-2012.09-99-mips-linux-gnu.extras/host-libs-i686-pc-linux-gnu/usr --with-host-libstdcxx='-static-libgcc -Wl,-Bstatic,-lstdc++,-Bdynamic -lm' --with-cloog=/home/toolchains/r2.3.x/obj/pkg-2012.09-99-mips-linux-gnu/mips-2012.09-99-mips-linux-gnu.extras/host-libs-i686-pc-linux-gnu/usr --with-libelf=/home/toolchains/r2.3.x/obj/pkg-2012.09-99-mips-linux-gnu/mips-2012.09-99-mips-linux-gnu.extras/host-libs-i686-pc-linux-gnu/usr --disable-libgomp --disable-libitm --enable-poison-system-directories --with-build-time-tools=/home/toolchains/r2.3.x/install/mips-linux-gnu/bin
Thread model: posix
gcc version 4.7.2 (Ingenic 2016.11) 
configure:3809: $? = 0
configure:3798: mips-linux-gnu-gcc -V >&5
mips-linux-gnu-gcc: error: unrecognized command line option '-V'
mips-linux-gnu-gcc: fatal error: no input files
compilation terminated.
configure:3809: $? = 1
configure:3798: mips-linux-gnu-gcc -qversion >&5
mips-linux-gnu-gcc: error: unrecognized command line option '-qversion'
mips-linux-gnu-gcc: fatal error: no input files
compilation terminated.
configure:3809: $? = 1
configure:3829: checking whether the C compiler works
configure:3851: mips-linux-gnu-gcc    conftest.c  >&5
configure:3855: $? = 0
configure:3903: result: yes
configure:3906: checking for C compiler default output file name
configure:3908: result: a.out
configure:3914: checking for suffix of executables
configure:3921: mips-linux-gnu-gcc -o conftest    conftest.c  >&5
configure:3925: $? = 0
configure:3947: result: 
configure:3969: checking whether we are cross compiling
configure:3977: mips-linux-gnu-gcc -o conftest    conftest.c  >&5
configure:3981: $? = 0
configure:3988: ./conftest
./configure: line 3990: ./conftest: cannot execute binary file: Exec format error
configure:3992: $? = 126
configure:4007: result: yes
configure:4012: checking for suffix of object files
configure:4034: mips-linux-gnu-gcc -c   conftest.c >&5
configure:4038: $? = 0
configure:4059: result: o
configure:4063: checking whether we are using the GNU C compiler
configure:4082: mips-linux-gnu-gcc -c   conftest.c >&5
configure:4082: $? = 0
configure:4091: result: yes
configure:4100: checking whether mips-linux-gnu-gcc accepts -g
configure:4120: mips-linux-gnu-gcc -c -g  conftest.c >&5
configure:4120: $? = 0
configure:4161: result: yes
configure:4178: checking for mips-linux-gnu-gcc option to accept ISO C89
configure:4241: mips-linux-gnu-gcc  -c   conftest.c >&5
configure:4241: $? = 0
configure:4254: result: none needed
configure:4276: checking dependency style of mips-linux-gnu-gcc
configure:4367: result: gcc3
configure:4382: checking for a sed that does not truncate output
configure:4446: result: /bin/sed
configure:4464: checking for grep that handles long lines and -e
configure:4522: result: /bin/grep
configure:4527: checking for egrep
configure:4589: result: /bin/grep -E
configure:4594: checking for fgrep
configure:4656: result: /bin/grep -F
configure:4691: checking for ld used by mips-linux-gnu-gcc
configure:4758: result: /media/falcon/Mint2/X1000/prebuilts/toolchains/mips-gcc472-glibc216/mips-linux-gnu/bin/ld
configure:4765: checking if the linker (/media/falcon/Mint2/X1000/prebuilts/toolchains/mips-gcc472-glibc216/mips-linux-gnu/bin/ld) is GNU ld
configure:4780: result: yes
configure:4792: checking for BSD- or MS-compatible name lister (nm)
configure:4841: result: no
configure:4852: checking for mips-dumpbin
configure:4882: result: no
configure:4852: checking for mips-link
configure:4882: result: no
configure:4896: checking for dumpbin
configure:4926: result: no
configure:4896: checking for link
configure:4912: found /usr/bin/link
configure:4923: result: link -dump -symbols
configure:4939: WARNING: using cross tools not prefixed with host triplet
configure:4959: checking the name lister (link -dump -symbols) interface
configure:4966: mips-linux-gnu-gcc -c   conftest.c >&5
configure:4969: link -dump -symbols "conftest.o"
link: invalid option -- 'd'
Try 'link --help' for more information.
configure:4972: output
configure:4979: result: BSD nm
configure:4982: checking whether ln -s works
configure:4986: result: yes
configure:4994: checking the maximum length of command line arguments
configure:5114: result: 1572864
configure:5131: checking whether the shell understands some XSI constructs
configure:5141: result: yes
configure:5145: checking whether the shell understands "+="
configure:5151: result: yes
configure:5186: checking for /media/falcon/Mint2/X1000/prebuilts/toolchains/mips-gcc472-glibc216/mips-linux-gnu/bin/ld option to reload object files
configure:5193: result: -r
configure:5222: checking for mips-objdump
configure:5252: result: no
configure:5262: checking for objdump
configure:5278: found /usr/bin/objdump
configure:5289: result: objdump
configure:5318: checking how to recognize dependent libraries
configure:5514: result: unknown
configure:5534: checking for mips-ar
configure:5564: result: no
configure:5574: checking for ar
configure:5590: found /usr/bin/ar
configure:5601: result: ar
configure:5639: checking for mips-strip
configure:5666: result: strip
configure:5738: checking for mips-ranlib
configure:5768: result: no
configure:5778: checking for ranlib
configure:5794: found /usr/bin/ranlib
configure:5805: result: ranlib
configure:5895: checking command to parse link -dump -symbols output from mips-linux-gnu-gcc object
configure:6013: mips-linux-gnu-gcc -c   conftest.c >&5
configure:6016: $? = 0
configure:6020: link -dump -symbols conftest.o \| sed -n -e 's/^.*[	 ]\([BCDEGRST][BCDEGRST]*\)[	 ][	 ]*\([_A-Za-z][_A-Za-z0-9]*\)$/\1 \2 \2/p' \> conftest.nm
link: invalid option -- 'd'
Try 'link --help' for more information.
configure:6023: $? = 0
cannot run sed -n -e 's/^.*[	 ]\([BCDEGRST][BCDEGRST]*\)[	 ][	 ]*\([_A-Za-z][_A-Za-z0-9]*\)$/\1 \2 \2/p'
configure:6013: mips-linux-gnu-gcc -c   conftest.c >&5
configure:6016: $? = 0
configure:6020: link -dump -symbols conftest.o \| sed -n -e 's/^.*[	 ]\([BCDEGRST][BCDEGRST]*\)[	 ][	 ]*_\([_A-Za-z][_A-Za-z0-9]*\)$/\1 _\2 \2/p' \> conftest.nm
link: invalid option -- 'd'
Try 'link --help' for more information.
configure:6023: $? = 0
cannot run sed -n -e 's/^.*[	 ]\([BCDEGRST][BCDEGRST]*\)[	 ][	 ]*_\([_A-Za-z][_A-Za-z0-9]*\)$/\1 _\2 \2/p'
configure:6115: result: failed
configure:6927: checking how to run the C preprocessor
configure:6958: mips-linux-gnu-gcc -E  conftest.c
configure:6958: $? = 0
configure:6972: mips-linux-gnu-gcc -E  conftest.c
conftest.c:11:28: fatal error: ac_nonexistent.h: No such file or directory
compilation terminated.
configure:6972: $? = 1
configure: failed program was:
| /* confdefs.h */
| #define PACKAGE_NAME "zbar"
| #define PACKAGE_TARNAME "zbar"
| #define PACKAGE_VERSION "0.10"
| #define PACKAGE_STRING "zbar 0.10"
| #define PACKAGE_BUGREPORT "spadix@users.sourceforge.net"
| #define PACKAGE_URL ""
| #define PACKAGE "zbar"
| #define VERSION "0.10"
| /* end confdefs.h.  */
| #include <ac_nonexistent.h>
configure:6997: result: mips-linux-gnu-gcc -E
configure:7017: mips-linux-gnu-gcc -E  conftest.c
configure:7017: $? = 0
configure:7031: mips-linux-gnu-gcc -E  conftest.c
conftest.c:11:28: fatal error: ac_nonexistent.h: No such file or directory
compilation terminated.
configure:7031: $? = 1
configure: failed program was:
| /* confdefs.h */
| #define PACKAGE_NAME "zbar"
| #define PACKAGE_TARNAME "zbar"
| #define PACKAGE_VERSION "0.10"
| #define PACKAGE_STRING "zbar 0.10"
| #define PACKAGE_BUGREPORT "spadix@users.sourceforge.net"
| #define PACKAGE_URL ""
| #define PACKAGE "zbar"
| #define VERSION "0.10"
| /* end confdefs.h.  */
| #include <ac_nonexistent.h>
configure:7060: checking for ANSI C header files
configure:7080: mips-linux-gnu-gcc -c   conftest.c >&5
configure:7080: $? = 0
configure:7164: result: yes
configure:7177: checking for sys/types.h
configure:7177: mips-linux-gnu-gcc -c   conftest.c >&5
configure:7177: $? = 0
configure:7177: result: yes
configure:7177: checking for sys/stat.h
configure:7177: mips-linux-gnu-gcc -c   conftest.c >&5
configure:7177: $? = 0
configure:7177: result: yes
configure:7177: checking for stdlib.h
configure:7177: mips-linux-gnu-gcc -c   conftest.c >&5
configure:7177: $? = 0
configure:7177: result: yes
configure:7177: checking for string.h
configure:7177: mips-linux-gnu-gcc -c   conftest.c >&5
configure:7177: $? = 0
configure:7177: result: yes
configure:7177: checking for memory.h
configure:7177: mips-linux-gnu-gcc -c   conftest.c >&5
configure:7177: $? = 0
configure:7177: result: yes
configure:7177: checking for strings.h
configure:7177: mips-linux-gnu-gcc -c   conftest.c >&5
configure:7177: $? = 0
configure:7177: result: yes
configure:7177: checking for inttypes.h
configure:7177: mips-linux-gnu-gcc -c   conftest.c >&5
configure:7177: $? = 0
configure:7177: result: yes
configure:7177: checking for stdint.h
configure:7177: mips-linux-gnu-gcc -c   conftest.c >&5
configure:7177: $? = 0
configure:7177: result: yes
configure:7177: checking for unistd.h
configure:7177: mips-linux-gnu-gcc -c   conftest.c >&5
configure:7177: $? = 0
configure:7177: result: yes
configure:7191: checking for dlfcn.h
configure:7191: mips-linux-gnu-gcc -c   conftest.c >&5
configure:7191: $? = 0
configure:7191: result: yes
configure:7672: checking for objdir
configure:7687: result: .libs
configure:7983: checking if mips-linux-gnu-gcc supports -fno-rtti -fno-exceptions
configure:8001: mips-linux-gnu-gcc -c   -fno-rtti -fno-exceptions conftest.c >&5
cc1: warning: command line option '-fno-rtti' is valid for C++/ObjC++ but not for C [enabled by default]
configure:8005: $? = 0
configure:8018: result: no
configure:8038: checking for mips-linux-gnu-gcc option to produce PIC
configure:8310: result: -fPIC -DPIC
configure:8322: checking if mips-linux-gnu-gcc PIC flag -fPIC -DPIC works
configure:8340: mips-linux-gnu-gcc -c   -fPIC -DPIC -DPIC conftest.c >&5
configure:8344: $? = 0
configure:8357: result: yes
configure:8381: checking if mips-linux-gnu-gcc static flag -static works
configure:8409: result: yes
configure:8424: checking if mips-linux-gnu-gcc supports -c -o file.o
configure:8445: mips-linux-gnu-gcc -c   -o out/conftest2.o conftest.c >&5
configure:8449: $? = 0
configure:8471: result: yes
configure:8479: checking if mips-linux-gnu-gcc supports -c -o file.o
configure:8526: result: yes
configure:8559: checking whether the mips-linux-gnu-gcc linker (/media/falcon/Mint2/X1000/prebuilts/toolchains/mips-gcc472-glibc216/mips-linux-gnu/bin/ld) supports shared libraries
configure:9545: result: yes
configure:9582: checking whether -lc should be explicitly linked in
configure:9587: mips-linux-gnu-gcc -c   conftest.c >&5
configure:9590: $? = 0
configure:9605: mips-linux-gnu-gcc -shared conftest.o  -v -Wl,-soname -Wl,conftest -o conftest 2\>\&1 \| /bin/grep  -lc  \>/dev/null 2\>\&1
configure:9608: $? = 0
configure:9620: result: no
configure:9784: checking dynamic linker characteristics
configure:10448: result: no
configure:10550: checking how to hardcode library paths into programs
configure:10575: result: immediate
configure:10669: checking for shl_load
configure:10669: mips-linux-gnu-gcc -o conftest    conftest.c  >&5
/tmp/cc5MwhmD.o: In function `main':
conftest.c:(.text+0x10): undefined reference to `shl_load'
collect2: error: ld returned 1 exit status
configure:10669: $? = 1
configure: failed program was:
| /* confdefs.h */
| #define PACKAGE_NAME "zbar"
| #define PACKAGE_TARNAME "zbar"
| #define PACKAGE_VERSION "0.10"
| #define PACKAGE_STRING "zbar 0.10"
| #define PACKAGE_BUGREPORT "spadix@users.sourceforge.net"
| #define PACKAGE_URL ""
| #define PACKAGE "zbar"
| #define VERSION "0.10"
| #define STDC_HEADERS 1
| #define HAVE_SYS_TYPES_H 1
| #define HAVE_SYS_STAT_H 1
| #define HAVE_STDLIB_H 1
| #define HAVE_STRING_H 1
| #define HAVE_MEMORY_H 1
| #define HAVE_STRINGS_H 1
| #define HAVE_INTTYPES_H 1
| #define HAVE_STDINT_H 1
| #define HAVE_UNISTD_H 1
| #define HAVE_DLFCN_H 1
| #define LT_OBJDIR ".libs/"
| /* end confdefs.h.  */
| /* Define shl_load to an innocuous variant, in case <limits.h> declares shl_load.
|    For example, HP-UX 11i <limits.h> declares gettimeofday.  */
| #define shl_load innocuous_shl_load
| 
| /* System header to define __stub macros and hopefully few prototypes,
|     which can conflict with char shl_load (); below.
|     Prefer <limits.h> to <assert.h> if __STDC__ is defined, since
|     <limits.h> exists even on freestanding compilers.  */
| 
| #ifdef __STDC__
| # include <limits.h>
| #else
| # include <assert.h>
| #endif
| 
| #undef shl_load
| 
| /* Override any GCC internal prototype to avoid an error.
|    Use char because int might match the return type of a GCC
|    builtin and then its argument prototype would still apply.  */
| #ifdef __cplusplus
| extern "C"
| #endif
| char shl_load ();
| /* The GNU C library defines this for functions which it implements
|     to always fail with ENOSYS.  Some functions are actually named
|     something starting with __ and the normal name is an alias.  */
| #if defined __stub_shl_load || defined __stub___shl_load
| choke me
| #endif
| 
| int
| main ()
| {
| return shl_load ();
|   ;
|   return 0;
| }
configure:10669: result: no
configure:10673: checking for shl_load in -ldld
configure:10698: mips-linux-gnu-gcc -o conftest    conftest.c -ldld   >&5
/media/falcon/Mint2/X1000/prebuilts/toolchains/mips-gcc472-glibc216/bin/../lib/gcc/mips-linux-gnu/4.7.2/../../../../mips-linux-gnu/bin/ld: cannot find -ldld
collect2: error: ld returned 1 exit status
configure:10698: $? = 1
configure: failed program was:
| /* confdefs.h */
| #define PACKAGE_NAME "zbar"
| #define PACKAGE_TARNAME "zbar"
| #define PACKAGE_VERSION "0.10"
| #define PACKAGE_STRING "zbar 0.10"
| #define PACKAGE_BUGREPORT "spadix@users.sourceforge.net"
| #define PACKAGE_URL ""
| #define PACKAGE "zbar"
| #define VERSION "0.10"
| #define STDC_HEADERS 1
| #define HAVE_SYS_TYPES_H 1
| #define HAVE_SYS_STAT_H 1
| #define HAVE_STDLIB_H 1
| #define HAVE_STRING_H 1
| #define HAVE_MEMORY_H 1
| #define HAVE_STRINGS_H 1
| #define HAVE_INTTYPES_H 1
| #define HAVE_STDINT_H 1
| #define HAVE_UNISTD_H 1
| #define HAVE_DLFCN_H 1
| #define LT_OBJDIR ".libs/"
| /* end confdefs.h.  */
| 
| /* Override any GCC internal prototype to avoid an error.
|    Use char because int might match the return type of a GCC
|    builtin and then its argument prototype would still apply.  */
| #ifdef __cplusplus
| extern "C"
| #endif
| char shl_load ();
| int
| main ()
| {
| return shl_load ();
|   ;
|   return 0;
| }
configure:10707: result: no
configure:10712: checking for dlopen
configure:10712: mips-linux-gnu-gcc -o conftest    conftest.c  >&5
/tmp/cchuTAQF.o: In function `main':
conftest.c:(.text+0x10): undefined reference to `dlopen'
collect2: error: ld returned 1 exit status
configure:10712: $? = 1
configure: failed program was:
| /* confdefs.h */
| #define PACKAGE_NAME "zbar"
| #define PACKAGE_TARNAME "zbar"
| #define PACKAGE_VERSION "0.10"
| #define PACKAGE_STRING "zbar 0.10"
| #define PACKAGE_BUGREPORT "spadix@users.sourceforge.net"
| #define PACKAGE_URL ""
| #define PACKAGE "zbar"
| #define VERSION "0.10"
| #define STDC_HEADERS 1
| #define HAVE_SYS_TYPES_H 1
| #define HAVE_SYS_STAT_H 1
| #define HAVE_STDLIB_H 1
| #define HAVE_STRING_H 1
| #define HAVE_MEMORY_H 1
| #define HAVE_STRINGS_H 1
| #define HAVE_INTTYPES_H 1
| #define HAVE_STDINT_H 1
| #define HAVE_UNISTD_H 1
| #define HAVE_DLFCN_H 1
| #define LT_OBJDIR ".libs/"
| /* end confdefs.h.  */
| /* Define dlopen to an innocuous variant, in case <limits.h> declares dlopen.
|    For example, HP-UX 11i <limits.h> declares gettimeofday.  */
| #define dlopen innocuous_dlopen
| 
| /* System header to define __stub macros and hopefully few prototypes,
|     which can conflict with char dlopen (); below.
|     Prefer <limits.h> to <assert.h> if __STDC__ is defined, since
|     <limits.h> exists even on freestanding compilers.  */
| 
| #ifdef __STDC__
| # include <limits.h>
| #else
| # include <assert.h>
| #endif
| 
| #undef dlopen
| 
| /* Override any GCC internal prototype to avoid an error.
|    Use char because int might match the return type of a GCC
|    builtin and then its argument prototype would still apply.  */
| #ifdef __cplusplus
| extern "C"
| #endif
| char dlopen ();
| /* The GNU C library defines this for functions which it implements
|     to always fail with ENOSYS.  Some functions are actually named
|     something starting with __ and the normal name is an alias.  */
| #if defined __stub_dlopen || defined __stub___dlopen
| choke me
| #endif
| 
| int
| main ()
| {
| return dlopen ();
|   ;
|   return 0;
| }
configure:10712: result: no
configure:10716: checking for dlopen in -ldl
configure:10741: mips-linux-gnu-gcc -o conftest    conftest.c -ldl   >&5
configure:10741: $? = 0
configure:10750: result: yes
configure:10869: checking whether a program can dlopen itself
configure:10960: result: cross
configure:11095: checking whether stripping libraries is possible
configure:11100: result: yes
configure:11135: checking if libtool supports shared libraries
configure:11137: result: no
configure:11140: checking whether to build shared libraries
configure:11161: result: no
configure:11164: checking whether to build static libraries
configure:11168: result: yes
configure:11206: checking for mips-windres
configure:11236: result: no
configure:11246: checking for windres
configure:11276: result: no
configure:11448: checking for mips-gcc
configure:11475: result: mips-linux-gnu-gcc
configure:11744: checking for C compiler version
configure:11753: mips-linux-gnu-gcc --version >&5
mips-linux-gnu-gcc (Ingenic 2016.11) 4.7.2
Copyright (C) 2012 Free Software Foundation, Inc.
This is free software; see the source for copying conditions.  There is NO
warranty; not even for MERCHANTABILITY or FITNESS FOR A PARTICULAR PURPOSE.

configure:11764: $? = 0
configure:11753: mips-linux-gnu-gcc -v >&5
Using built-in specs.
COLLECT_GCC=mips-linux-gnu-gcc
COLLECT_LTO_WRAPPER=/media/falcon/Mint2/X1000/prebuilts/toolchains/mips-gcc472-glibc216/bin/../libexec/gcc/mips-linux-gnu/4.7.2/lto-wrapper
Target: mips-linux-gnu
Configured with: /home/toolchains/r2.3.x/src/gcc-4.7-2012.09/configure --build=i686-pc-linux-gnu --host=i686-pc-linux-gnu --target=mips-linux-gnu --enable-threads --disable-libmudflap --disable-libssp --disable-libstdcxx-pch --with-arch-32=mips32r2 --with-float=hard --with-mips-plt --enable-extra-sgxxlite-multilibs --with-gnu-as --with-gnu-ld --with-specs='%{save-temps: -fverbose-asm} -D__CS_SOURCERYGXX_MAJ__=2012 -D__CS_SOURCERYGXX_MIN__=9 -D__CS_SOURCERYGXX_REV__=99' --enable-languages=c,c++,fortran --enable-shared --enable-lto --enable-symvers=gnu --enable-__cxa_atexit --with-pkgversion='Ingenic 2016.11' --disable-nls --prefix=/home/toolchains/r2.3.x/install --with-sysroot=/home/toolchains/r2.3.x/install/mips-linux-gnu/libc --with-build-sysroot=/home/toolchains/r2.3.x/install/mips-linux-gnu/libc --with-gmp=/home/toolchains/r2.3.x/obj/pkg-2012.09-99-mips-linux-gnu/mips-2012.09-99-mips-linux-gnu.extras/host-libs-i686-pc-linux-gnu/usr --with-mpfr=/home/toolchains/r2.3.x/obj/pkg-2012.09-99-mips-linux-gnu/mips-2012.09-99-mips-linux-gnu.extras/host-libs-i686-pc-linux-gnu/usr --with-mpc=/home/toolchains/r2.3.x/obj/pkg-2012.09-99-mips-linux-gnu/mips-2012.09-99-mips-linux-gnu.extras/host-libs-i686-pc-linux-gnu/usr --with-ppl=/home/toolchains/r2.3.x/obj/pkg-2012.09-99-mips-linux-gnu/mips-2012.09-99-mips-linux-gnu.extras/host-libs-i686-pc-linux-gnu/usr --with-host-libstdcxx='-static-libgcc -Wl,-Bstatic,-lstdc++,-Bdynamic -lm' --with-cloog=/home/toolchains/r2.3.x/obj/pkg-2012.09-99-mips-linux-gnu/mips-2012.09-99-mips-linux-gnu.extras/host-libs-i686-pc-linux-gnu/usr --with-libelf=/home/toolchains/r2.3.x/obj/pkg-2012.09-99-mips-linux-gnu/mips-2012.09-99-mips-linux-gnu.extras/host-libs-i686-pc-linux-gnu/usr --disable-libgomp --disable-libitm --enable-poison-system-directories --with-build-time-tools=/home/toolchains/r2.3.x/install/mips-linux-gnu/bin
Thread model: posix
gcc version 4.7.2 (Ingenic 2016.11) 
configure:11764: $? = 0
configure:11753: mips-linux-gnu-gcc -V >&5
mips-linux-gnu-gcc: error: unrecognized command line option '-V'
mips-linux-gnu-gcc: fatal error: no input files
compilation terminated.
configure:11764: $? = 1
configure:11753: mips-linux-gnu-gcc -qversion >&5
mips-linux-gnu-gcc: error: unrecognized command line option '-qversion'
mips-linux-gnu-gcc: fatal error: no input files
compilation terminated.
configure:11764: $? = 1
configure:11768: checking whether we are using the GNU C compiler
configure:11796: result: yes
configure:11805: checking whether mips-linux-gnu-gcc accepts -g
configure:11866: result: yes
configure:11883: checking for mips-linux-gnu-gcc option to accept ISO C89
configure:11959: result: none needed
configure:11981: checking dependency style of mips-linux-gnu-gcc
configure:12072: result: gcc3
configure:12088: checking whether mips-linux-gnu-gcc and cc understand -c and -o together
configure:12119: mips-linux-gnu-gcc -c conftest.c -o conftest2.o >&5
configure:12123: $? = 0
configure:12129: mips-linux-gnu-gcc -c conftest.c -o conftest2.o >&5
configure:12133: $? = 0
configure:12144: cc -c conftest.c >&5
configure:12148: $? = 0
configure:12156: cc -c conftest.c -o conftest2.o >&5
configure:12160: $? = 0
configure:12166: cc -c conftest.c -o conftest2.o >&5
configure:12170: $? = 0
configure:12188: result: yes
configure:12227: checking for mips-g++
configure:12257: result: no
configure:12227: checking for mips-c++
configure:12257: result: no
configure:12227: checking for mips-gpp
configure:12257: result: no
configure:12227: checking for mips-aCC
configure:12257: result: no
configure:12227: checking for mips-CC
configure:12257: result: no
configure:12227: checking for mips-cxx
configure:12257: result: no
configure:12227: checking for mips-cc++
configure:12257: result: no
configure:12227: checking for mips-cl.exe
configure:12257: result: no
configure:12227: checking for mips-FCC
configure:12257: result: no
configure:12227: checking for mips-KCC
configure:12257: result: no
configure:12227: checking for mips-RCC
configure:12257: result: no
configure:12227: checking for mips-xlC_r
configure:12257: result: no
configure:12227: checking for mips-xlC
configure:12257: result: no
configure:12271: checking for g++
configure:12287: found /usr/bin/g++
configure:12298: result: g++
configure:12325: checking for C++ compiler version
configure:12334: g++ --version >&5
g++ (Ubuntu 5.4.0-6ubuntu1~16.04.9) 5.4.0 20160609
Copyright (C) 2015 Free Software Foundation, Inc.
This is free software; see the source for copying conditions.  There is NO
warranty; not even for MERCHANTABILITY or FITNESS FOR A PARTICULAR PURPOSE.

configure:12345: $? = 0
configure:12334: g++ -v >&5
Using built-in specs.
COLLECT_GCC=g++
COLLECT_LTO_WRAPPER=/usr/lib/gcc/x86_64-linux-gnu/5/lto-wrapper
Target: x86_64-linux-gnu
Configured with: ../src/configure -v --with-pkgversion='Ubuntu 5.4.0-6ubuntu1~16.04.9' --with-bugurl=file:///usr/share/doc/gcc-5/README.Bugs --enable-languages=c,ada,c++,java,go,d,fortran,objc,obj-c++ --prefix=/usr --program-suffix=-5 --enable-shared --enable-linker-build-id --libexecdir=/usr/lib --without-included-gettext --enable-threads=posix --libdir=/usr/lib --enable-nls --with-sysroot=/ --enable-clocale=gnu --enable-libstdcxx-debug --enable-libstdcxx-time=yes --with-default-libstdcxx-abi=new --enable-gnu-unique-object --disable-vtable-verify --enable-libmpx --enable-plugin --with-system-zlib --disable-browser-plugin --enable-java-awt=gtk --enable-gtk-cairo --with-java-home=/usr/lib/jvm/java-1.5.0-gcj-5-amd64/jre --enable-java-home --with-jvm-root-dir=/usr/lib/jvm/java-1.5.0-gcj-5-amd64 --with-jvm-jar-dir=/usr/lib/jvm-exports/java-1.5.0-gcj-5-amd64 --with-arch-directory=amd64 --with-ecj-jar=/usr/share/java/eclipse-ecj.jar --enable-objc-gc --enable-multiarch --disable-werror --with-arch-32=i686 --with-abi=m64 --with-multilib-list=m32,m64,mx32 --enable-multilib --with-tune=generic --enable-checking=release --build=x86_64-linux-gnu --host=x86_64-linux-gnu --target=x86_64-linux-gnu
Thread model: posix
gcc version 5.4.0 20160609 (Ubuntu 5.4.0-6ubuntu1~16.04.9) 
configure:12345: $? = 0
configure:12334: g++ -V >&5
g++: error: unrecognized command line option '-V'
g++: fatal error: no input files
compilation terminated.
configure:12345: $? = 1
configure:12334: g++ -qversion >&5
g++: error: unrecognized command line option '-qversion'
g++: fatal error: no input files
compilation terminated.
configure:12345: $? = 1
configure:12349: checking whether we are using the GNU C++ compiler
configure:12368: g++ -c   conftest.cpp >&5
configure:12368: $? = 0
configure:12377: result: yes
configure:12386: checking whether g++ accepts -g
configure:12406: g++ -c -g  conftest.cpp >&5
configure:12406: $? = 0
configure:12447: result: yes
configure:12472: checking dependency style of g++
configure:12563: result: gcc3
configure:12691: checking for C++ compiler version
configure:12700: g++ --version >&5
g++ (Ubuntu 5.4.0-6ubuntu1~16.04.9) 5.4.0 20160609
Copyright (C) 2015 Free Software Foundation, Inc.
This is free software; see the source for copying conditions.  There is NO
warranty; not even for MERCHANTABILITY or FITNESS FOR A PARTICULAR PURPOSE.

configure:12711: $? = 0
configure:12700: g++ -v >&5
Using built-in specs.
COLLECT_GCC=g++
COLLECT_LTO_WRAPPER=/usr/lib/gcc/x86_64-linux-gnu/5/lto-wrapper
Target: x86_64-linux-gnu
Configured with: ../src/configure -v --with-pkgversion='Ubuntu 5.4.0-6ubuntu1~16.04.9' --with-bugurl=file:///usr/share/doc/gcc-5/README.Bugs --enable-languages=c,ada,c++,java,go,d,fortran,objc,obj-c++ --prefix=/usr --program-suffix=-5 --enable-shared --enable-linker-build-id --libexecdir=/usr/lib --without-included-gettext --enable-threads=posix --libdir=/usr/lib --enable-nls --with-sysroot=/ --enable-clocale=gnu --enable-libstdcxx-debug --enable-libstdcxx-time=yes --with-default-libstdcxx-abi=new --enable-gnu-unique-object --disable-vtable-verify --enable-libmpx --enable-plugin --with-system-zlib --disable-browser-plugin --enable-java-awt=gtk --enable-gtk-cairo --with-java-home=/usr/lib/jvm/java-1.5.0-gcj-5-amd64/jre --enable-java-home --with-jvm-root-dir=/usr/lib/jvm/java-1.5.0-gcj-5-amd64 --with-jvm-jar-dir=/usr/lib/jvm-exports/java-1.5.0-gcj-5-amd64 --with-arch-directory=amd64 --with-ecj-jar=/usr/share/java/eclipse-ecj.jar --enable-objc-gc --enable-multiarch --disable-werror --with-arch-32=i686 --with-abi=m64 --with-multilib-list=m32,m64,mx32 --enable-multilib --with-tune=generic --enable-checking=release --build=x86_64-linux-gnu --host=x86_64-linux-gnu --target=x86_64-linux-gnu
Thread model: posix
gcc version 5.4.0 20160609 (Ubuntu 5.4.0-6ubuntu1~16.04.9) 
configure:12711: $? = 0
configure:12700: g++ -V >&5
g++: error: unrecognized command line option '-V'
g++: fatal error: no input files
compilation terminated.
configure:12711: $? = 1
configure:12700: g++ -qversion >&5
g++: error: unrecognized command line option '-qversion'
g++: fatal error: no input files
compilation terminated.
configure:12711: $? = 1
configure:12715: checking whether we are using the GNU C++ compiler
configure:12743: result: yes
configure:12752: checking whether g++ accepts -g
configure:12813: result: yes
configure:12838: checking dependency style of g++
configure:12929: result: gcc3
configure:12952: checking how to run the C++ preprocessor
configure:12979: g++ -E  conftest.cpp
configure:12979: $? = 0
configure:12993: g++ -E  conftest.cpp
conftest.cpp:28:28: fatal error: ac_nonexistent.h: No such file or directory
compilation terminated.
configure:12993: $? = 1
configure: failed program was:
| /* confdefs.h */
| #define PACKAGE_NAME "zbar"
| #define PACKAGE_TARNAME "zbar"
| #define PACKAGE_VERSION "0.10"
| #define PACKAGE_STRING "zbar 0.10"
| #define PACKAGE_BUGREPORT "spadix@users.sourceforge.net"
| #define PACKAGE_URL ""
| #define PACKAGE "zbar"
| #define VERSION "0.10"
| #define STDC_HEADERS 1
| #define HAVE_SYS_TYPES_H 1
| #define HAVE_SYS_STAT_H 1
| #define HAVE_STDLIB_H 1
| #define HAVE_STRING_H 1
| #define HAVE_MEMORY_H 1
| #define HAVE_STRINGS_H 1
| #define HAVE_INTTYPES_H 1
| #define HAVE_STDINT_H 1
| #define HAVE_UNISTD_H 1
| #define HAVE_DLFCN_H 1
| #define LT_OBJDIR ".libs/"
| #define ZBAR_VERSION_MAJOR 0
| #define ZBAR_VERSION_MINOR 10
| #define LIB_VERSION_MAJOR 0
| #define LIB_VERSION_MINOR 2
| #define LIB_VERSION_REVISION 0
| /* end confdefs.h.  */
| #include <ac_nonexistent.h>
configure:13018: result: g++ -E
configure:13038: g++ -E  conftest.cpp
configure:13038: $? = 0
configure:13052: g++ -E  conftest.cpp
conftest.cpp:28:28: fatal error: ac_nonexistent.h: No such file or directory
compilation terminated.
configure:13052: $? = 1
configure: failed program was:
| /* confdefs.h */
| #define PACKAGE_NAME "zbar"
| #define PACKAGE_TARNAME "zbar"
| #define PACKAGE_VERSION "0.10"
| #define PACKAGE_STRING "zbar 0.10"
| #define PACKAGE_BUGREPORT "spadix@users.sourceforge.net"
| #define PACKAGE_URL ""
| #define PACKAGE "zbar"
| #define VERSION "0.10"
| #define STDC_HEADERS 1
| #define HAVE_SYS_TYPES_H 1
| #define HAVE_SYS_STAT_H 1
| #define HAVE_STDLIB_H 1
| #define HAVE_STRING_H 1
| #define HAVE_MEMORY_H 1
| #define HAVE_STRINGS_H 1
| #define HAVE_INTTYPES_H 1
| #define HAVE_STDINT_H 1
| #define HAVE_UNISTD_H 1
| #define HAVE_DLFCN_H 1
| #define LT_OBJDIR ".libs/"
| #define ZBAR_VERSION_MAJOR 0
| #define ZBAR_VERSION_MINOR 10
| #define LIB_VERSION_MAJOR 0
| #define LIB_VERSION_MINOR 2
| #define LIB_VERSION_REVISION 0
| /* end confdefs.h.  */
| #include <ac_nonexistent.h>
configure:13220: checking for ld used by g++
configure:13287: result: /media/falcon/Mint2/X1000/prebuilts/toolchains/mips-gcc472-glibc216/mips-linux-gnu/bin/ld
configure:13294: checking if the linker (/media/falcon/Mint2/X1000/prebuilts/toolchains/mips-gcc472-glibc216/mips-linux-gnu/bin/ld) is GNU ld
configure:13309: result: yes
configure:13364: checking whether the g++ linker (/media/falcon/Mint2/X1000/prebuilts/toolchains/mips-gcc472-glibc216/mips-linux-gnu/bin/ld) supports shared libraries
configure:14277: result: no
configure:14305: g++ -c -g -O2  conftest.cpp >&5
configure:14308: $? = 0
configure:14490: checking for g++ option to produce PIC
configure:14807: result: -fPIC -DPIC
configure:14816: checking if g++ PIC flag -fPIC -DPIC works
configure:14834: g++ -c -g -O2  -fPIC -DPIC -DPIC conftest.cpp >&5
configure:14838: $? = 0
configure:14851: result: yes
configure:14872: checking if g++ static flag -static works
configure:14900: result: yes
configure:14912: checking if g++ supports -c -o file.o
configure:14933: g++ -c -g -O2  -o out/conftest2.o conftest.cpp >&5
configure:14937: $? = 0
configure:14959: result: yes
configure:14964: checking if g++ supports -c -o file.o
configure:15011: result: yes
configure:15041: checking whether the g++ linker (/media/falcon/Mint2/X1000/prebuilts/toolchains/mips-gcc472-glibc216/mips-linux-gnu/bin/ld) supports shared libraries
configure:15067: result: no
configure:15204: checking dynamic linker characteristics
configure:15816: result: no
configure:15867: checking how to hardcode library paths into programs
configure:15892: result: immediate
configure:15938: checking for mips-pkg-config
configure:15971: result: no
configure:15981: checking for pkg-config
configure:15999: found /usr/bin/pkg-config
configure:16011: result: /usr/bin/pkg-config
configure:16036: checking pkg-config is at least version 0.9.0
configure:16039: result: yes
configure:16055: checking for xmlto
configure:16085: result: no
configure:16105: checking whether to build EAN symbologies
configure:16126: result: yes
configure:16130: checking whether to build Code 128 symbology
configure:16151: result: yes
configure:16155: checking whether to build Code 39 symbology
configure:16176: result: yes
configure:16180: checking whether to build PDF417 symbology
configure:16201: result: no
configure:16205: checking whether to build Interleaved 2 of 5 symbology
configure:16226: result: yes
configure:16230: checking whether to build QR Code
configure:16251: result: yes
configure:16256: checking for library containing clock_gettime
configure:16287: mips-linux-gnu-gcc -o conftest    conftest.c  >&5
/tmp/ccoqkg2f.o: In function `main':
conftest.c:(.text+0x10): undefined reference to `clock_gettime'
collect2: error: ld returned 1 exit status
configure:16287: $? = 1
configure: failed program was:
| /* confdefs.h */
| #define PACKAGE_NAME "zbar"
| #define PACKAGE_TARNAME "zbar"
| #define PACKAGE_VERSION "0.10"
| #define PACKAGE_STRING "zbar 0.10"
| #define PACKAGE_BUGREPORT "spadix@users.sourceforge.net"
| #define PACKAGE_URL ""
| #define PACKAGE "zbar"
| #define VERSION "0.10"
| #define STDC_HEADERS 1
| #define HAVE_SYS_TYPES_H 1
| #define HAVE_SYS_STAT_H 1
| #define HAVE_STDLIB_H 1
| #define HAVE_STRING_H 1
| #define HAVE_MEMORY_H 1
| #define HAVE_STRINGS_H 1
| #define HAVE_INTTYPES_H 1
| #define HAVE_STDINT_H 1
| #define HAVE_UNISTD_H 1
| #define HAVE_DLFCN_H 1
| #define LT_OBJDIR ".libs/"
| #define ZBAR_VERSION_MAJOR 0
| #define ZBAR_VERSION_MINOR 10
| #define LIB_VERSION_MAJOR 0
| #define LIB_VERSION_MINOR 2
| #define LIB_VERSION_REVISION 0
| #define ENABLE_EAN 1
| #define ENABLE_CODE128 1
| #define ENABLE_CODE39 1
| #define ENABLE_I25 1
| #define ENABLE_QRCODE 1
| /* end confdefs.h.  */
| 
| /* Override any GCC internal prototype to avoid an error.
|    Use char because int might match the return type of a GCC
|    builtin and then its argument prototype would still apply.  */
| #ifdef __cplusplus
| extern "C"
| #endif
| char clock_gettime ();
| int
| main ()
| {
| return clock_gettime ();
|   ;
|   return 0;
| }
configure:16287: mips-linux-gnu-gcc -o conftest    conftest.c -lrt   >&5
configure:16287: $? = 0
configure:16304: result: -lrt
configure:16352: checking for ld used by GCC
configure:16416: result: /media/falcon/Mint2/X1000/prebuilts/toolchains/mips-gcc472-glibc216/mips-linux-gnu/bin/ld
configure:16423: checking if the linker (/media/falcon/Mint2/X1000/prebuilts/toolchains/mips-gcc472-glibc216/mips-linux-gnu/bin/ld) is GNU ld
configure:16436: result: yes
configure:16443: checking for shared library run path origin
configure:16456: result: done
configure:16964: checking for iconv
configure:16986: mips-linux-gnu-gcc -o conftest    conftest.c -lrt  >&5
configure:16986: $? = 0
configure:17018: result: yes
configure:17021: checking for working iconv
configure:17109: result: guessing yes
configure:17137: checking for iconv declaration
configure:17166: mips-linux-gnu-gcc -c   conftest.c >&5
configure:17166: $? = 0
configure:17177: result: 
         extern size_t iconv (iconv_t cd, char * *inbuf, size_t *inbytesleft, char * *outbuf, size_t *outbytesleft);
configure:17191: checking poll.h usability
configure:17191: mips-linux-gnu-gcc -c   conftest.c >&5
configure:17191: $? = 0
configure:17191: result: yes
configure:17191: checking poll.h presence
configure:17191: mips-linux-gnu-gcc -E  conftest.c
configure:17191: $? = 0
configure:17191: result: yes
configure:17191: checking for poll.h
configure:17191: result: yes
configure:17397: checking for X
configure:17575: result: disabled
configure:18109: checking for X11/extensions/XShm.h
configure:18109: mips-linux-gnu-gcc -c   conftest.c >&5
conftest.c:37:22: fatal error: X11/Xlib.h: No such file or directory
compilation terminated.
configure:18109: $? = 1
configure: failed program was:
| /* confdefs.h */
| #define PACKAGE_NAME "zbar"
| #define PACKAGE_TARNAME "zbar"
| #define PACKAGE_VERSION "0.10"
| #define PACKAGE_STRING "zbar 0.10"
| #define PACKAGE_BUGREPORT "spadix@users.sourceforge.net"
| #define PACKAGE_URL ""
| #define PACKAGE "zbar"
| #define VERSION "0.10"
| #define STDC_HEADERS 1
| #define HAVE_SYS_TYPES_H 1
| #define HAVE_SYS_STAT_H 1
| #define HAVE_STDLIB_H 1
| #define HAVE_STRING_H 1
| #define HAVE_MEMORY_H 1
| #define HAVE_STRINGS_H 1
| #define HAVE_INTTYPES_H 1
| #define HAVE_STDINT_H 1
| #define HAVE_UNISTD_H 1
| #define HAVE_DLFCN_H 1
| #define LT_OBJDIR ".libs/"
| #define ZBAR_VERSION_MAJOR 0
| #define ZBAR_VERSION_MINOR 10
| #define LIB_VERSION_MAJOR 0
| #define LIB_VERSION_MINOR 2
| #define LIB_VERSION_REVISION 0
| #define ENABLE_EAN 1
| #define ENABLE_CODE128 1
| #define ENABLE_CODE39 1
| #define ENABLE_I25 1
| #define ENABLE_QRCODE 1
| #define HAVE_ICONV 1
| #define ICONV_CONST 
| #define HAVE_POLL_H 1
| #define X_DISPLAY_MISSING 1
| /* end confdefs.h.  */
| #include <X11/Xlib.h>
| #include <sys/ipc.h>
| #include <sys/shm.h>
| 
| 
| #include <X11/extensions/XShm.h>
configure:18109: result: no
configure:18210: checking for X11/extensions/Xvlib.h
configure:18210: mips-linux-gnu-gcc -c   conftest.c >&5
conftest.c:37:22: fatal error: X11/Xlib.h: No such file or directory
compilation terminated.
configure:18210: $? = 1
configure: failed program was:
| /* confdefs.h */
| #define PACKAGE_NAME "zbar"
| #define PACKAGE_TARNAME "zbar"
| #define PACKAGE_VERSION "0.10"
| #define PACKAGE_STRING "zbar 0.10"
| #define PACKAGE_BUGREPORT "spadix@users.sourceforge.net"
| #define PACKAGE_URL ""
| #define PACKAGE "zbar"
| #define VERSION "0.10"
| #define STDC_HEADERS 1
| #define HAVE_SYS_TYPES_H 1
| #define HAVE_SYS_STAT_H 1
| #define HAVE_STDLIB_H 1
| #define HAVE_STRING_H 1
| #define HAVE_MEMORY_H 1
| #define HAVE_STRINGS_H 1
| #define HAVE_INTTYPES_H 1
| #define HAVE_STDINT_H 1
| #define HAVE_UNISTD_H 1
| #define HAVE_DLFCN_H 1
| #define LT_OBJDIR ".libs/"
| #define ZBAR_VERSION_MAJOR 0
| #define ZBAR_VERSION_MINOR 10
| #define LIB_VERSION_MAJOR 0
| #define LIB_VERSION_MINOR 2
| #define LIB_VERSION_REVISION 0
| #define ENABLE_EAN 1
| #define ENABLE_CODE128 1
| #define ENABLE_CODE39 1
| #define ENABLE_I25 1
| #define ENABLE_QRCODE 1
| #define HAVE_ICONV 1
| #define ICONV_CONST 
| #define HAVE_POLL_H 1
| #define X_DISPLAY_MISSING 1
| /* end confdefs.h.  */
| #include <X11/Xlib.h>
| 
| 
| #include <X11/extensions/Xvlib.h>
configure:18210: result: no
configure:19404: checking whether to enable assertions
configure:19422: result: yes
configure:19429: checking fcntl.h usability
configure:19429: mips-linux-gnu-gcc -c   conftest.c >&5
configure:19429: $? = 0
configure:19429: result: yes
configure:19429: checking fcntl.h presence
configure:19429: mips-linux-gnu-gcc -E  conftest.c
configure:19429: $? = 0
configure:19429: result: yes
configure:19429: checking for fcntl.h
configure:19429: result: yes
configure:19429: checking features.h usability
configure:19429: mips-linux-gnu-gcc -c   conftest.c >&5
configure:19429: $? = 0
configure:19429: result: yes
configure:19429: checking features.h presence
configure:19429: mips-linux-gnu-gcc -E  conftest.c
configure:19429: $? = 0
configure:19429: result: yes
configure:19429: checking for features.h
configure:19429: result: yes
configure:19429: checking for inttypes.h
configure:19429: result: yes
configure:19429: checking for stdlib.h
configure:19429: result: yes
configure:19429: checking for string.h
configure:19429: result: yes
configure:19429: checking for unistd.h
configure:19429: result: yes
configure:19429: checking sys/ioctl.h usability
configure:19429: mips-linux-gnu-gcc -c   conftest.c >&5
configure:19429: $? = 0
configure:19429: result: yes
configure:19429: checking sys/ioctl.h presence
configure:19429: mips-linux-gnu-gcc -E  conftest.c
configure:19429: $? = 0
configure:19429: result: yes
configure:19429: checking for sys/ioctl.h
configure:19429: result: yes
configure:19429: checking sys/time.h usability
configure:19429: mips-linux-gnu-gcc -c   conftest.c >&5
configure:19429: $? = 0
configure:19429: result: yes
configure:19429: checking sys/time.h presence
configure:19429: mips-linux-gnu-gcc -E  conftest.c
configure:19429: $? = 0
configure:19429: result: yes
configure:19429: checking for sys/time.h
configure:19429: result: yes
configure:19429: checking sys/times.h usability
configure:19429: mips-linux-gnu-gcc -c   conftest.c >&5
configure:19429: $? = 0
configure:19429: result: yes
configure:19429: checking sys/times.h presence
configure:19429: mips-linux-gnu-gcc -E  conftest.c
configure:19429: $? = 0
configure:19429: result: yes
configure:19429: checking for sys/times.h
configure:19429: result: yes
configure:19429: checking sys/ipc.h usability
configure:19429: mips-linux-gnu-gcc -c   conftest.c >&5
configure:19429: $? = 0
configure:19429: result: yes
configure:19429: checking sys/ipc.h presence
configure:19429: mips-linux-gnu-gcc -E  conftest.c
configure:19429: $? = 0
configure:19429: result: yes
configure:19429: checking for sys/ipc.h
configure:19429: result: yes
configure:19429: checking sys/shm.h usability
configure:19429: mips-linux-gnu-gcc -c   conftest.c >&5
configure:19429: $? = 0
configure:19429: result: yes
configure:19429: checking sys/shm.h presence
configure:19429: mips-linux-gnu-gcc -E  conftest.c
configure:19429: $? = 0
configure:19429: result: yes
configure:19429: checking for sys/shm.h
configure:19429: result: yes
configure:19429: checking sys/mman.h usability
configure:19429: mips-linux-gnu-gcc -c   conftest.c >&5
configure:19429: $? = 0
configure:19429: result: yes
configure:19429: checking sys/mman.h presence
configure:19429: mips-linux-gnu-gcc -E  conftest.c
configure:19429: $? = 0
configure:19429: result: yes
configure:19429: checking for sys/mman.h
configure:19429: result: yes
configure:19441: checking for int32_t
configure:19441: mips-linux-gnu-gcc -c   conftest.c >&5
configure:19441: $? = 0
configure:19441: mips-linux-gnu-gcc -c   conftest.c >&5
conftest.c: In function 'main':
conftest.c:87:53: warning: integer overflow in expression [-Woverflow]
conftest.c:86:12: error: size of array 'test_array' is negative
conftest.c:86:12: error: storage size of 'test_array' isn't constant
configure:19441: $? = 1
configure: failed program was:
| /* confdefs.h */
| #define PACKAGE_NAME "zbar"
| #define PACKAGE_TARNAME "zbar"
| #define PACKAGE_VERSION "0.10"
| #define PACKAGE_STRING "zbar 0.10"
| #define PACKAGE_BUGREPORT "spadix@users.sourceforge.net"
| #define PACKAGE_URL ""
| #define PACKAGE "zbar"
| #define VERSION "0.10"
| #define STDC_HEADERS 1
| #define HAVE_SYS_TYPES_H 1
| #define HAVE_SYS_STAT_H 1
| #define HAVE_STDLIB_H 1
| #define HAVE_STRING_H 1
| #define HAVE_MEMORY_H 1
| #define HAVE_STRINGS_H 1
| #define HAVE_INTTYPES_H 1
| #define HAVE_STDINT_H 1
| #define HAVE_UNISTD_H 1
| #define HAVE_DLFCN_H 1
| #define LT_OBJDIR ".libs/"
| #define ZBAR_VERSION_MAJOR 0
| #define ZBAR_VERSION_MINOR 10
| #define LIB_VERSION_MAJOR 0
| #define LIB_VERSION_MINOR 2
| #define LIB_VERSION_REVISION 0
| #define ENABLE_EAN 1
| #define ENABLE_CODE128 1
| #define ENABLE_CODE39 1
| #define ENABLE_I25 1
| #define ENABLE_QRCODE 1
| #define HAVE_ICONV 1
| #define ICONV_CONST 
| #define HAVE_POLL_H 1
| #define X_DISPLAY_MISSING 1
| #define HAVE_FCNTL_H 1
| #define HAVE_FEATURES_H 1
| #define HAVE_INTTYPES_H 1
| #define HAVE_STDLIB_H 1
| #define HAVE_STRING_H 1
| #define HAVE_UNISTD_H 1
| #define HAVE_SYS_IOCTL_H 1
| #define HAVE_SYS_TIME_H 1
| #define HAVE_SYS_TIMES_H 1
| #define HAVE_SYS_IPC_H 1
| #define HAVE_SYS_SHM_H 1
| #define HAVE_SYS_MMAN_H 1
| /* end confdefs.h.  */
| #include <stdio.h>
| #ifdef HAVE_SYS_TYPES_H
| # include <sys/types.h>
| #endif
| #ifdef HAVE_SYS_STAT_H
| # include <sys/stat.h>
| #endif
| #ifdef STDC_HEADERS
| # include <stdlib.h>
| # include <stddef.h>
| #else
| # ifdef HAVE_STDLIB_H
| #  include <stdlib.h>
| # endif
| #endif
| #ifdef HAVE_STRING_H
| # if !defined STDC_HEADERS && defined HAVE_MEMORY_H
| #  include <memory.h>
| # endif
| # include <string.h>
| #endif
| #ifdef HAVE_STRINGS_H
| # include <strings.h>
| #endif
| #ifdef HAVE_INTTYPES_H
| # include <inttypes.h>
| #endif
| #ifdef HAVE_STDINT_H
| # include <stdint.h>
| #endif
| #ifdef HAVE_UNISTD_H
| # include <unistd.h>
| #endif
| 	        enum { N = 32 / 2 - 1 };
| int
| main ()
| {
| static int test_array [1 - 2 * !((int32_t) (((((int32_t) 1 << N) << N) - 1) * 2 + 1)
| 		 < (int32_t) (((((int32_t) 1 << N) << N) - 1) * 2 + 2))];
| test_array [0] = 0;
| return test_array [0];
| 
|   ;
|   return 0;
| }
configure:19441: result: yes
configure:19452: checking for uint32_t
configure:19452: mips-linux-gnu-gcc -c   conftest.c >&5
configure:19452: $? = 0
configure:19452: result: yes
configure:19466: checking for uint8_t
configure:19466: mips-linux-gnu-gcc -c   conftest.c >&5
configure:19466: $? = 0
configure:19466: result: yes
configure:19481: checking for uintptr_t
configure:19481: mips-linux-gnu-gcc -c   conftest.c >&5
configure:19481: $? = 0
configure:19481: mips-linux-gnu-gcc -c   conftest.c >&5
conftest.c: In function 'main':
conftest.c:85:24: error: expected expression before ')' token
configure:19481: $? = 1
configure: failed program was:
| /* confdefs.h */
| #define PACKAGE_NAME "zbar"
| #define PACKAGE_TARNAME "zbar"
| #define PACKAGE_VERSION "0.10"
| #define PACKAGE_STRING "zbar 0.10"
| #define PACKAGE_BUGREPORT "spadix@users.sourceforge.net"
| #define PACKAGE_URL ""
| #define PACKAGE "zbar"
| #define VERSION "0.10"
| #define STDC_HEADERS 1
| #define HAVE_SYS_TYPES_H 1
| #define HAVE_SYS_STAT_H 1
| #define HAVE_STDLIB_H 1
| #define HAVE_STRING_H 1
| #define HAVE_MEMORY_H 1
| #define HAVE_STRINGS_H 1
| #define HAVE_INTTYPES_H 1
| #define HAVE_STDINT_H 1
| #define HAVE_UNISTD_H 1
| #define HAVE_DLFCN_H 1
| #define LT_OBJDIR ".libs/"
| #define ZBAR_VERSION_MAJOR 0
| #define ZBAR_VERSION_MINOR 10
| #define LIB_VERSION_MAJOR 0
| #define LIB_VERSION_MINOR 2
| #define LIB_VERSION_REVISION 0
| #define ENABLE_EAN 1
| #define ENABLE_CODE128 1
| #define ENABLE_CODE39 1
| #define ENABLE_I25 1
| #define ENABLE_QRCODE 1
| #define HAVE_ICONV 1
| #define ICONV_CONST 
| #define HAVE_POLL_H 1
| #define X_DISPLAY_MISSING 1
| #define HAVE_FCNTL_H 1
| #define HAVE_FEATURES_H 1
| #define HAVE_INTTYPES_H 1
| #define HAVE_STDLIB_H 1
| #define HAVE_STRING_H 1
| #define HAVE_UNISTD_H 1
| #define HAVE_SYS_IOCTL_H 1
| #define HAVE_SYS_TIME_H 1
| #define HAVE_SYS_TIMES_H 1
| #define HAVE_SYS_IPC_H 1
| #define HAVE_SYS_SHM_H 1
| #define HAVE_SYS_MMAN_H 1
| /* end confdefs.h.  */
| #include <stdio.h>
| #ifdef HAVE_SYS_TYPES_H
| # include <sys/types.h>
| #endif
| #ifdef HAVE_SYS_STAT_H
| # include <sys/stat.h>
| #endif
| #ifdef STDC_HEADERS
| # include <stdlib.h>
| # include <stddef.h>
| #else
| # ifdef HAVE_STDLIB_H
| #  include <stdlib.h>
| # endif
| #endif
| #ifdef HAVE_STRING_H
| # if !defined STDC_HEADERS && defined HAVE_MEMORY_H
| #  include <memory.h>
| # endif
| # include <string.h>
| #endif
| #ifdef HAVE_STRINGS_H
| # include <strings.h>
| #endif
| #ifdef HAVE_INTTYPES_H
| # include <inttypes.h>
| #endif
| #ifdef HAVE_STDINT_H
| # include <stdint.h>
| #endif
| #ifdef HAVE_UNISTD_H
| # include <unistd.h>
| #endif
| int
| main ()
| {
| if (sizeof ((uintptr_t)))
| 	    return 0;
|   ;
|   return 0;
| }
configure:19481: result: yes
configure:19519: checking for an ANSI C-conforming const
configure:19585: mips-linux-gnu-gcc -c   conftest.c >&5
configure:19585: $? = 0
configure:19592: result: yes
configure:19600: checking for inline
configure:19616: mips-linux-gnu-gcc -c   conftest.c >&5
configure:19616: $? = 0
configure:19624: result: inline
configure:19650: checking for stdlib.h
configure:19650: result: yes
configure:19650: checking for unistd.h
configure:19650: result: yes
configure:19650: checking for sys/param.h
configure:19650: mips-linux-gnu-gcc -c   conftest.c >&5
configure:19650: $? = 0
configure:19650: result: yes
configure:19670: checking for getpagesize
configure:19670: mips-linux-gnu-gcc -o conftest    conftest.c -lrt  >&5
configure:19670: $? = 0
configure:19670: result: yes
configure:19679: checking for working mmap
configure:19836: result: no
configure:19848: checking for memset
configure:19848: mips-linux-gnu-gcc -o conftest    conftest.c -lrt  >&5
conftest.c:77:6: warning: conflicting types for built-in function 'memset' [enabled by default]
configure:19848: $? = 0
configure:19848: result: yes
configure:19848: checking for atexit
configure:19848: mips-linux-gnu-gcc -o conftest    conftest.c -lrt  >&5
configure:19848: $? = 0
configure:19848: result: yes
configure:19848: checking for setenv
configure:19848: mips-linux-gnu-gcc -o conftest    conftest.c -lrt  >&5
configure:19848: $? = 0
configure:19848: result: yes
configure:20080: creating ./config.status

## ---------------------- ##
## Running config.status. ##
## ---------------------- ##

This file was extended by zbar config.status 0.10, which was
generated by GNU Autoconf 2.69.  Invocation command line was

  CONFIG_FILES    = 
  CONFIG_HEADERS  = 
  CONFIG_LINKS    = 
  CONFIG_COMMANDS = 
  $ ./config.status 

on falconPro

config.status:1298: creating Makefile
config.status:1298: creating zbar.pc
config.status:1298: creating zbar-gtk.pc
config.status:1298: creating zbar-qt.pc
config.status:1298: creating doc/doxygen.conf
config.status:1298: creating include/config.h
config.status:1479: include/config.h is unchanged
config.status:1527: executing depfiles commands
config.status:1527: executing libtool commands
config.status:1527: executing doc/version.xml commands
config.status:1527: executing doc/reldate.xml commands

## ---------------- ##
## Cache variables. ##
## ---------------- ##

ac_cv_build=x86_64-unknown-linux-gnu
ac_cv_c_compiler_gnu=yes
ac_cv_c_const=yes
ac_cv_c_inline=inline
ac_cv_c_int32_t=yes
ac_cv_c_uint32_t=yes
ac_cv_c_uint8_t=yes
ac_cv_cxx_compiler_gnu=yes
ac_cv_env_CCC_set=
ac_cv_env_CCC_value=
ac_cv_env_CC_set=set
ac_cv_env_CC_value=mips-linux-gnu-gcc
ac_cv_env_CFLAGS_set=set
ac_cv_env_CFLAGS_value=
ac_cv_env_CPPFLAGS_set=
ac_cv_env_CPPFLAGS_value=
ac_cv_env_CPP_set=
ac_cv_env_CPP_value=
ac_cv_env_CXXCPP_set=
ac_cv_env_CXXCPP_value=
ac_cv_env_CXXFLAGS_set=
ac_cv_env_CXXFLAGS_value=
ac_cv_env_CXX_set=
ac_cv_env_CXX_value=
ac_cv_env_GLIB_GENMARSHAL_set=
ac_cv_env_GLIB_GENMARSHAL_value=
ac_cv_env_GTK_CFLAGS_set=
ac_cv_env_GTK_CFLAGS_value=
ac_cv_env_GTK_LIBS_set=
ac_cv_env_GTK_LIBS_value=
ac_cv_env_LDFLAGS_set=
ac_cv_env_LDFLAGS_value=
ac_cv_env_LIBS_set=
ac_cv_env_LIBS_value=
ac_cv_env_MAGICK_CFLAGS_set=
ac_cv_env_MAGICK_CFLAGS_value=
ac_cv_env_MAGICK_LIBS_set=
ac_cv_env_MAGICK_LIBS_value=
ac_cv_env_MOC_set=
ac_cv_env_MOC_value=
ac_cv_env_NPAPI_CFLAGS_set=
ac_cv_env_NPAPI_CFLAGS_value=
ac_cv_env_NPAPI_LIBS_set=
ac_cv_env_NPAPI_LIBS_value=
ac_cv_env_PKG_CONFIG_set=
ac_cv_env_PKG_CONFIG_value=
ac_cv_env_PYGTK_CFLAGS_set=
ac_cv_env_PYGTK_CFLAGS_value=
ac_cv_env_PYGTK_CODEGEN_set=
ac_cv_env_PYGTK_CODEGEN_value=
ac_cv_env_PYGTK_DEFS_set=
ac_cv_env_PYGTK_DEFS_value=
ac_cv_env_PYGTK_H2DEF_set=
ac_cv_env_PYGTK_H2DEF_value=
ac_cv_env_PYGTK_LIBS_set=
ac_cv_env_PYGTK_LIBS_value=
ac_cv_env_PYTHON_CFLAGS_set=
ac_cv_env_PYTHON_CFLAGS_value=
ac_cv_env_PYTHON_CONFIG_set=
ac_cv_env_PYTHON_CONFIG_value=
ac_cv_env_PYTHON_LIBS_set=
ac_cv_env_PYTHON_LIBS_value=
ac_cv_env_QT_CFLAGS_set=
ac_cv_env_QT_CFLAGS_value=
ac_cv_env_QT_LIBS_set=
ac_cv_env_QT_LIBS_value=
ac_cv_env_XMKMF_set=
ac_cv_env_XMKMF_value=
ac_cv_env_XMLTOFLAGS_set=
ac_cv_env_XMLTOFLAGS_value=
ac_cv_env_XMLTO_set=
ac_cv_env_XMLTO_value=
ac_cv_env_XSHM_LIBS_set=
ac_cv_env_XSHM_LIBS_value=
ac_cv_env_XV_LIBS_set=
ac_cv_env_XV_LIBS_value=
ac_cv_env_build_alias_set=
ac_cv_env_build_alias_value=
ac_cv_env_host_alias_set=set
ac_cv_env_host_alias_value=mips
ac_cv_env_target_alias_set=set
ac_cv_env_target_alias_value=mips-linux
ac_cv_func_atexit=yes
ac_cv_func_dlopen=no
ac_cv_func_getpagesize=yes
ac_cv_func_memset=yes
ac_cv_func_mmap_fixed_mapped=no
ac_cv_func_setenv=yes
ac_cv_func_shl_load=no
ac_cv_header_X11_extensions_XShm_h=no
ac_cv_header_X11_extensions_Xvlib_h=no
ac_cv_header_dlfcn_h=yes
ac_cv_header_fcntl_h=yes
ac_cv_header_features_h=yes
ac_cv_header_inttypes_h=yes
ac_cv_header_memory_h=yes
ac_cv_header_poll_h=yes
ac_cv_header_stdc=yes
ac_cv_header_stdint_h=yes
ac_cv_header_stdlib_h=yes
ac_cv_header_string_h=yes
ac_cv_header_strings_h=yes
ac_cv_header_sys_ioctl_h=yes
ac_cv_header_sys_ipc_h=yes
ac_cv_header_sys_mman_h=yes
ac_cv_header_sys_param_h=yes
ac_cv_header_sys_shm_h=yes
ac_cv_header_sys_stat_h=yes
ac_cv_header_sys_time_h=yes
ac_cv_header_sys_times_h=yes
ac_cv_header_sys_types_h=yes
ac_cv_header_unistd_h=yes
ac_cv_host=mips-unknown-elf
ac_cv_lib_dl_dlopen=yes
ac_cv_lib_dld_shl_load=no
ac_cv_objext=o
ac_cv_path_EGREP='/bin/grep -E'
ac_cv_path_FGREP='/bin/grep -F'
ac_cv_path_GREP=/bin/grep
ac_cv_path_SED=/bin/sed
ac_cv_path_ac_pt_PKG_CONFIG=/usr/bin/pkg-config
ac_cv_path_install='/usr/bin/install -c'
ac_cv_path_mkdir=/bin/mkdir
ac_cv_prog_AWK=gawk
ac_cv_prog_CC=mips-linux-gnu-gcc
ac_cv_prog_CPP='mips-linux-gnu-gcc -E'
ac_cv_prog_CXXCPP='g++ -E'
ac_cv_prog_STRIP=strip
ac_cv_prog_ac_ct_AR=ar
ac_cv_prog_ac_ct_CXX=g++
ac_cv_prog_ac_ct_DUMPBIN='link -dump -symbols'
ac_cv_prog_ac_ct_OBJDUMP=objdump
ac_cv_prog_ac_ct_RANLIB=ranlib
ac_cv_prog_ac_ct_STRIP=strip
ac_cv_prog_cc_c89=
ac_cv_prog_cc_g=yes
ac_cv_prog_cc_mips_linux_gnu_gcc_c_o=yes
ac_cv_prog_cxx_g=yes
ac_cv_prog_make_make_set=yes
ac_cv_search_clock_gettime=-lrt
ac_cv_type_uintptr_t=yes
acl_cv_hardcode_direct=no
acl_cv_hardcode_libdir_flag_spec='${wl}-rpath ${wl}$libdir'
acl_cv_hardcode_libdir_separator=
acl_cv_hardcode_minus_L=no
acl_cv_libext=a
acl_cv_libname_spec='lib$name'
acl_cv_library_names_spec=
acl_cv_path_LD=/media/falcon/Mint2/X1000/prebuilts/toolchains/mips-gcc472-glibc216/mips-linux-gnu/bin/ld
acl_cv_prog_gnu_ld=yes
acl_cv_rpath=done
acl_cv_shlibext=so
acl_cv_wl=-Wl,
am_cv_CC_dependencies_compiler_type=gcc3
am_cv_CXX_dependencies_compiler_type=gcc3
am_cv_func_iconv=yes
am_cv_func_iconv_works='guessing yes'
am_cv_lib_iconv=no
am_cv_proto_iconv='extern size_t iconv (iconv_t cd, char * *inbuf, size_t *inbytesleft, char * *outbuf, size_t *outbytesleft);'
am_cv_proto_iconv_arg1=
lt_cv_deplibs_check_method=unknown
lt_cv_dlopen=dlopen
lt_cv_dlopen_libs=-ldl
lt_cv_dlopen_self=cross
lt_cv_file_magic_cmd='$MAGIC_CMD'
lt_cv_file_magic_test_file=
lt_cv_ld_reload_flag=-r
lt_cv_nm_interface='BSD nm'
lt_cv_objdir=.libs
lt_cv_path_LD=/media/falcon/Mint2/X1000/prebuilts/toolchains/mips-gcc472-glibc216/mips-linux-gnu/bin/ld
lt_cv_path_LDCXX=/media/falcon/Mint2/X1000/prebuilts/toolchains/mips-gcc472-glibc216/mips-linux-gnu/bin/ld
lt_cv_path_NM=no
lt_cv_prog_compiler_c_o=yes
lt_cv_prog_compiler_c_o_CXX=yes
lt_cv_prog_compiler_c_o_RC=yes
lt_cv_prog_compiler_pic_works=yes
lt_cv_prog_compiler_pic_works_CXX=yes
lt_cv_prog_compiler_rtti_exceptions=no
lt_cv_prog_compiler_static_works=yes
lt_cv_prog_compiler_static_works_CXX=yes
lt_cv_prog_gnu_ld=yes
lt_cv_prog_gnu_ldcxx=yes
lt_cv_sys_global_symbol_pipe=
lt_cv_sys_global_symbol_to_c_name_address='sed -n -e '\''s/^: \([^ ]*\) $/  {\"\1\", (void *) 0},/p'\'' -e '\''s/^[BCDEGRST]* \([^ ]*\) \([^ ]*\)$/  {"\2", (void *) \&\2},/p'\'''
lt_cv_sys_global_symbol_to_c_name_address_lib_prefix='sed -n -e '\''s/^: \([^ ]*\) $/  {\"\1\", (void *) 0},/p'\'' -e '\''s/^[BCDEGRST]* \([^ ]*\) \(lib[^ ]*\)$/  {"\2", (void *) \&\2},/p'\'' -e '\''s/^[BCDEGRST]* \([^ ]*\) \([^ ]*\)$/  {"lib\2", (void *) \&\2},/p'\'''
lt_cv_sys_global_symbol_to_cdecl=
lt_cv_sys_max_cmd_len=1572864

## ----------------- ##
## Output variables. ##
## ----------------- ##

ACLOCAL='${SHELL} /home/falcon/桌面/Github/zbar_forked/config/missing --run aclocal-1.10'
AMDEPBACKSLASH='\'
AMDEP_FALSE='#'
AMDEP_TRUE=''
AMTAR='${SHELL} /home/falcon/桌面/Github/zbar_forked/config/missing --run tar'
AR='ar'
AS='as'
AUTOCONF='${SHELL} /home/falcon/桌面/Github/zbar_forked/config/missing --run autoconf'
AUTOHEADER='${SHELL} /home/falcon/桌面/Github/zbar_forked/config/missing --run autoheader'
AUTOMAKE='${SHELL} /home/falcon/桌面/Github/zbar_forked/config/missing --run automake-1.10'
AWK='gawk'
CC='mips-linux-gnu-gcc'
CCDEPMODE='depmode=gcc3'
CFLAGS=''
CPP='mips-linux-gnu-gcc -E'
CPPFLAGS=''
CXX='g++'
CXXCPP='g++ -E'
CXXDEPMODE='depmode=gcc3'
CXXFLAGS='-g -O2'
CYGPATH_W='echo'
DEFS='-DHAVE_CONFIG_H'
DEPDIR='.deps'
DLLTOOL='dlltool'
DSYMUTIL=''
DUMPBIN='link -dump -symbols'
ECHO_C=''
ECHO_N='-n'
ECHO_T=''
EGREP='/bin/grep -E'
ENABLE_CODE128_FALSE='#'
ENABLE_CODE128_TRUE=''
ENABLE_CODE39_FALSE='#'
ENABLE_CODE39_TRUE=''
ENABLE_EAN_FALSE='#'
ENABLE_EAN_TRUE=''
ENABLE_I25_FALSE='#'
ENABLE_I25_TRUE=''
ENABLE_PDF417_FALSE=''
ENABLE_PDF417_TRUE='#'
ENABLE_QRCODE_FALSE='#'
ENABLE_QRCODE_TRUE=''
EXEEXT=''
FGREP='/bin/grep -F'
GLIB_GENMARSHAL=''
GREP='/bin/grep'
GTK_CFLAGS=''
GTK_LIBS=''
HAVE_GTK_FALSE=''
HAVE_GTK_TRUE='#'
HAVE_JPEG_FALSE=''
HAVE_JPEG_TRUE='#'
HAVE_MAGICK_FALSE=''
HAVE_MAGICK_TRUE='#'
HAVE_NPAPI_FALSE=''
HAVE_NPAPI_TRUE='#'
HAVE_POLL_FALSE='#'
HAVE_POLL_TRUE=''
HAVE_PYTHON_FALSE=''
HAVE_PYTHON_TRUE='#'
HAVE_QT_FALSE=''
HAVE_QT_TRUE='#'
HAVE_V4L1_FALSE=''
HAVE_V4L1_TRUE='#'
HAVE_V4L2_FALSE=''
HAVE_V4L2_TRUE='#'
HAVE_VIDEO_FALSE=''
HAVE_VIDEO_TRUE='#'
HAVE_XSHM_FALSE=''
HAVE_XSHM_TRUE='#'
HAVE_XV_FALSE=''
HAVE_XV_TRUE='#'
HAVE_X_FALSE=''
HAVE_X_TRUE='#'
INSTALL_DATA='${INSTALL} -m 644'
INSTALL_PROGRAM='${INSTALL}'
INSTALL_SCRIPT='${INSTALL}'
INSTALL_STRIP_PROGRAM='$(install_sh) -c -s'
LD='/media/falcon/Mint2/X1000/prebuilts/toolchains/mips-gcc472-glibc216/mips-linux-gnu/bin/ld'
LDFLAGS=''
LIBICONV=''
LIBOBJS=''
LIBS='-lrt '
LIBTOOL='$(SHELL) $(top_builddir)/libtool'
LIB_VERSION='2:0:2'
LIPO=''
LN_S='ln -s'
LTLIBICONV=''
LTLIBOBJS=''
MAGICK_CFLAGS=''
MAGICK_LIBS=''
MAKEINFO='${SHELL} /home/falcon/桌面/Github/zbar_forked/config/missing --run makeinfo'
MKDIR_P='/bin/mkdir -p'
MOC=''
NM='link -dump -symbols'
NMEDIT=''
NPAPI_CFLAGS=''
NPAPI_LIBS=''
OBJDUMP='objdump'
OBJEXT='o'
OTOOL64=''
OTOOL=''
PACKAGE='zbar'
PACKAGE_BUGREPORT='spadix@users.sourceforge.net'
PACKAGE_NAME='zbar'
PACKAGE_STRING='zbar 0.10'
PACKAGE_TARNAME='zbar'
PACKAGE_URL=''
PACKAGE_VERSION='0.10'
PATH_SEPARATOR=':'
PKG_CONFIG='/usr/bin/pkg-config'
PYGTK_CFLAGS=''
PYGTK_CODEGEN=''
PYGTK_DEFS=''
PYGTK_H2DEF=''
PYGTK_LIBS=''
PYTHON=''
PYTHON_CFLAGS=''
PYTHON_CONFIG=''
PYTHON_EXEC_PREFIX=''
PYTHON_LIBS=''
PYTHON_PLATFORM=''
PYTHON_PREFIX=''
PYTHON_VERSION=''
QT_CFLAGS=''
QT_LIBS=''
RANLIB='ranlib'
RC=''
RELDATE='2009-10-23'
SED='/bin/sed'
SET_MAKE=''
SHELL='/bin/bash'
STRIP='strip'
VERSION='0.10'
WIN32_FALSE=''
WIN32_TRUE='#'
XMKMF=''
XMLTO=':'
XMLTOFLAGS=''
XSHM_LIBS='-lXext'
XV_LIBS='-lXv'
X_CFLAGS=''
X_EXTRA_LIBS=''
X_LIBS=''
X_PRE_LIBS=''
ZGTK_LIB_VERSION='0:2:0'
ZQT_LIB_VERSION='0:2:0'
ac_ct_CC=''
ac_ct_CXX='g++'
ac_ct_DUMPBIN='link -dump -symbols'
am__fastdepCC_FALSE='#'
am__fastdepCC_TRUE=''
am__fastdepCXX_FALSE='#'
am__fastdepCXX_TRUE=''
am__include='include'
am__isrc=''
am__leading_dot='.'
am__quote=''
am__tar='${AMTAR} chof - "$$tardir"'
am__untar='${AMTAR} xf -'
bindir='${exec_prefix}/bin'
build='x86_64-unknown-linux-gnu'
build_alias=''
build_cpu='x86_64'
build_os='linux-gnu'
build_vendor='unknown'
datadir='${datarootdir}'
datarootdir='${prefix}/share'
docdir='${datarootdir}/doc/${PACKAGE_TARNAME}'
dvidir='${docdir}'
exec_prefix='${prefix}'
host='mips-unknown-elf'
host_alias='mips'
host_cpu='mips'
host_os='elf'
host_vendor='unknown'
htmldir='${docdir}'
includedir='${prefix}/include'
infodir='${datarootdir}/info'
install_sh='$(SHELL) /home/falcon/桌面/Github/zbar_forked/config/install-sh'
libdir='${exec_prefix}/lib'
libexecdir='${exec_prefix}/libexec'
localedir='${datarootdir}/locale'
localstatedir='${prefix}/var'
lt_ECHO='echo'
mandir='${datarootdir}/man'
mkdir_p='/bin/mkdir -p'
oldincludedir='/usr/include'
pdfdir='${docdir}'
pkgpyexecdir=''
pkgpythondir=''
prefix='/home/falcon/桌面/Github/zbar_forked/mips'
program_transform_name='s,x,x,'
psdir='${docdir}'
pyexecdir=''
pythondir=''
runstatedir='${localstatedir}/run'
sbindir='${exec_prefix}/sbin'
sharedstatedir='${prefix}/com'
sysconfdir='${prefix}/etc'
target_alias='mips-linux'

## ----------- ##
## confdefs.h. ##
## ----------- ##

/* confdefs.h */
#define PACKAGE_NAME "zbar"
#define PACKAGE_TARNAME "zbar"
#define PACKAGE_VERSION "0.10"
#define PACKAGE_STRING "zbar 0.10"
#define PACKAGE_BUGREPORT "spadix@users.sourceforge.net"
#define PACKAGE_URL ""
#define PACKAGE "zbar"
#define VERSION "0.10"
#define STDC_HEADERS 1
#define HAVE_SYS_TYPES_H 1
#define HAVE_SYS_STAT_H 1
#define HAVE_STDLIB_H 1
#define HAVE_STRING_H 1
#define HAVE_MEMORY_H 1
#define HAVE_STRINGS_H 1
#define HAVE_INTTYPES_H 1
#define HAVE_STDINT_H 1
#define HAVE_UNISTD_H 1
#define HAVE_DLFCN_H 1
#define LT_OBJDIR ".libs/"
#define ZBAR_VERSION_MAJOR 0
#define ZBAR_VERSION_MINOR 10
#define LIB_VERSION_MAJOR 0
#define LIB_VERSION_MINOR 2
#define LIB_VERSION_REVISION 0
#define ENABLE_EAN 1
#define ENABLE_CODE128 1
#define ENABLE_CODE39 1
#define ENABLE_I25 1
#define ENABLE_QRCODE 1
#define HAVE_ICONV 1
#define ICONV_CONST 
#define HAVE_POLL_H 1
#define X_DISPLAY_MISSING 1
#define HAVE_FCNTL_H 1
#define HAVE_FEATURES_H 1
#define HAVE_INTTYPES_H 1
#define HAVE_STDLIB_H 1
#define HAVE_STRING_H 1
#define HAVE_UNISTD_H 1
#define HAVE_SYS_IOCTL_H 1
#define HAVE_SYS_TIME_H 1
#define HAVE_SYS_TIMES_H 1
#define HAVE_SYS_IPC_H 1
#define HAVE_SYS_SHM_H 1
#define HAVE_SYS_MMAN_H 1
#define HAVE_UINTPTR_T 1
#define HAVE_STDLIB_H 1
#define HAVE_UNISTD_H 1
#define HAVE_SYS_PARAM_H 1
#define HAVE_GETPAGESIZE 1
#define HAVE_MEMSET 1
#define HAVE_ATEXIT 1
#define HAVE_SETENV 1

configure: exit 0
